Arguments: 
  /usr/local/bin/node /usr/share/yarn/bin/yarn.js publish --access public

PATH: 
  /home/dev/tools/sencha-cmd/Sencha/Cmd/6.5.3.6:/home/dpatzer/tools/sencha-cmd/Sencha/Cmd/6.5.3.6:/home/dev/tools/sencha-cmd/Sencha/Cmd/6.5.3.6:/home/linuxbrew/.linuxbrew/bin:/home/linuxbrew/.linuxbrew/sbin:/usr/local/sbin:/usr/local/bin:/usr/sbin:/usr/bin:/sbin:/bin:/usr/games:/usr/local/games:/snap/bin:/usr/lib/jvm/java-8-oracle/bin:/usr/lib/jvm/java-8-oracle/db/bin:/usr/lib/jvm/java-8-oracle/jre/bin:/home/dev/Android/Sdk:/home/dpatzer/Android/Sdk/platform-tools:/home/dpatzer/Android/Sdk/tools:/opt/local/lib/mysql5/bin:/this-is-a-test:/home/dev/tools/ffmpeg:/home/dev/Kunden/github/phalcon-devtools:/home/dev/Kunden/github/phalcon-devtools

Yarn version: 
  1.13.0

Node version: 
  8.11.4

Platform: 
  linux x64

Trace: 
  Error: canceled
      at Interface.<anonymous> (/usr/share/yarn/lib/cli.js:125657:13)
      at emitNone (events.js:106:13)
      at Interface.emit (events.js:208:7)
      at Interface._ttyWrite (readline.js:774:16)
      at ReadStream.onkeypress (readline.js:158:10)
      at emitTwo (events.js:126:13)
      at ReadStream.emit (events.js:214:7)
      at emitKeys (internal/readline.js:420:14)
      at emitKeys.next (<anonymous>)
      at ReadStream.onData (readline.js:1010:36)

npm manifest: 
  {
    "name": "@hundh/contao-tiny-slider-bundle",
    "version": "1.0.0",
    "description": "This package contains the frontend assets of the composer bundle heimrichhannot/contao-tiny-slider-bundle.",
    "main": "js/contao-tiny-slider-bundle.js",
    "repository": "git@github.com:heimrichhannot-contao-components/contao-tiny-slider-bundle.git",
    "author": "Heimrich & Hannot <digitales@heimrich-hannot.de>",
    "license": "MIT"
  }

yarn manifest: 
  No manifest

Lockfile: 
  No lockfile
